2024-12-25 13:26:50 INFO  com.qrcode.qr.QRApp - Приложение с QR-кодами запущено!
2024-12-25 13:26:50 INFO  com.qrcode.qr.QRApp - Инициализация интерфейса...
2024-12-25 13:26:50 INFO  com.qrcode.qr.QRApp - Приложение завершило работу.
2024-12-25 13:32:41 INFO  com.qrcode.qr.QRApp - Приложение с QR-кодами запущено!
2024-12-25 13:32:41 INFO  com.qrcode.qr.QRApp - Инициализация интерфейса...
2024-12-25 13:32:41 INFO  com.qrcode.qr.QRApp - Приложение завершило работу.
2024-12-25 13:33:06 INFO  com.qrcode.qr.MainApp - Приложение запущено
2024-12-25 13:33:07 INFO  com.qrcode.qr.MainApp - Интерфейс приложения успешно загружен
2024-12-25 13:49:29 INFO  com.qrcode.qr.MainApp - Пользователь ввёл текст для генерации QR-кода: https://google.com
2024-12-25 13:49:41 INFO  com.qrcode.qr.MainApp - QR-код успешно сохранён в файл: qrcode.png
2024-12-25 13:50:03 INFO  com.qrcode.qr.MainApp - Пользователь выбрал файл для чтения QR-кода: P:\JavaLabs\QR\qrcode.png
2024-12-25 13:50:04 ERROR com.qrcode.qr.MainApp - Ошибка при считывании QR-кода из файла: P:\JavaLabs\QR\qrcode.png
java.io.IOException: Server returned HTTP response code: 400 for URL: https://api.qrserver.com/v1/read-qr-code/
	at java.base/sun.net.www.protocol.http.HttpURLConnection.getInputStream0(HttpURLConnection.java:2037)
	at java.base/sun.net.www.protocol.http.HttpURLConnection.getInputStream(HttpURLConnection.java:1626)
	at java.base/sun.net.www.protocol.https.HttpsURLConnectionImpl.getInputStream(HttpsURLConnectionImpl.java:224)
	at com.qrcode.qr/com.qrcode.qr.MainApp.readQRCodeFromAPI(MainApp.java:122)
	at com.qrcode.qr/com.qrcode.qr.MainApp.lambda$start$1(MainApp.java:70)
	at javafx.base/com.sun.javafx.event.CompositeEventHandler.dispatchBubblingEvent(CompositeEventHandler.java:86)
	at javafx.base/com.sun.javafx.event.EventHandlerManager.dispatchBubblingEvent(EventHandlerManager.java:234)
	at javafx.base/com.sun.javafx.event.EventHandlerManager.dispatchBubblingEvent(EventHandlerManager.java:191)
	at javafx.base/com.sun.javafx.event.CompositeEventDispatcher.dispatchBubblingEvent(CompositeEventDispatcher.java:59)
	at javafx.base/com.sun.javafx.event.BasicEventDispatcher.dispatchEvent(BasicEventDispatcher.java:58)
	at javafx.base/com.sun.javafx.event.EventDispatchChainImpl.dispatchEvent(EventDispatchChainImpl.java:114)
	at javafx.base/com.sun.javafx.event.BasicEventDispatcher.dispatchEvent(BasicEventDispatcher.java:56)
	at javafx.base/com.sun.javafx.event.EventDispatchChainImpl.dispatchEvent(EventDispatchChainImpl.java:114)
	at javafx.base/com.sun.javafx.event.BasicEventDispatcher.dispatchEvent(BasicEventDispatcher.java:56)
	at javafx.base/com.sun.javafx.event.EventDispatchChainImpl.dispatchEvent(EventDispatchChainImpl.java:114)
	at javafx.base/com.sun.javafx.event.EventUtil.fireEventImpl(EventUtil.java:74)
	at javafx.base/com.sun.javafx.event.EventUtil.fireEvent(EventUtil.java:49)
	at javafx.base/javafx.event.Event.fireEvent(Event.java:198)
	at javafx.graphics/javafx.scene.Node.fireEvent(Node.java:8792)
	at javafx.controls/javafx.scene.control.Button.fire(Button.java:203)
	at javafx.controls/com.sun.javafx.scene.control.behavior.ButtonBehavior.mouseReleased(ButtonBehavior.java:208)
	at javafx.controls/com.sun.javafx.scene.control.inputmap.InputMap.handle(InputMap.java:274)
	at javafx.base/com.sun.javafx.event.CompositeEventHandler$NormalEventHandlerRecord.handleBubblingEvent(CompositeEventHandler.java:247)
	at javafx.base/com.sun.javafx.event.CompositeEventHandler.dispatchBubblingEvent(CompositeEventHandler.java:80)
	at javafx.base/com.sun.javafx.event.EventHandlerManager.dispatchBubblingEvent(EventHandlerManager.java:234)
	at javafx.base/com.sun.javafx.event.EventHandlerManager.dispatchBubblingEvent(EventHandlerManager.java:191)
	at javafx.base/com.sun.javafx.event.CompositeEventDispatcher.dispatchBubblingEvent(CompositeEventDispatcher.java:59)
	at javafx.base/com.sun.javafx.event.BasicEventDispatcher.dispatchEvent(BasicEventDispatcher.java:58)
	at javafx.base/com.sun.javafx.event.EventDispatchChainImpl.dispatchEvent(EventDispatchChainImpl.java:114)
	at javafx.base/com.sun.javafx.event.BasicEventDispatcher.dispatchEvent(BasicEventDispatcher.java:56)
	at javafx.base/com.sun.javafx.event.EventDispatchChainImpl.dispatchEvent(EventDispatchChainImpl.java:114)
	at javafx.base/com.sun.javafx.event.BasicEventDispatcher.dispatchEvent(BasicEventDispatcher.java:56)
	at javafx.base/com.sun.javafx.event.EventDispatchChainImpl.dispatchEvent(EventDispatchChainImpl.java:114)
	at javafx.base/com.sun.javafx.event.EventUtil.fireEventImpl(EventUtil.java:74)
	at javafx.base/com.sun.javafx.event.EventUtil.fireEvent(EventUtil.java:54)
	at javafx.base/javafx.event.Event.fireEvent(Event.java:198)
	at javafx.graphics/javafx.scene.Scene$MouseHandler.process(Scene.java:3897)
	at javafx.graphics/javafx.scene.Scene.processMouseEvent(Scene.java:1878)
	at javafx.graphics/javafx.scene.Scene$ScenePeerListener.mouseEvent(Scene.java:2623)
	at javafx.graphics/com.sun.javafx.tk.quantum.GlassViewEventHandler$MouseEventNotification.run(GlassViewEventHandler.java:411)
	at javafx.graphics/com.sun.javafx.tk.quantum.GlassViewEventHandler$MouseEventNotification.run(GlassViewEventHandler.java:301)
	at java.base/java.security.AccessController.doPrivileged(AccessController.java:399)
	at javafx.graphics/com.sun.javafx.tk.quantum.GlassViewEventHandler.lambda$handleMouseEvent$2(GlassViewEventHandler.java:450)
	at javafx.graphics/com.sun.javafx.tk.quantum.QuantumToolkit.runWithoutRenderLock(QuantumToolkit.java:424)
	at javafx.graphics/com.sun.javafx.tk.quantum.GlassViewEventHandler.handleMouseEvent(GlassViewEventHandler.java:449)
	at javafx.graphics/com.sun.glass.ui.View.handleMouseEvent(View.java:557)
	at javafx.graphics/com.sun.glass.ui.View.notifyMouse(View.java:943)
	at javafx.graphics/com.sun.glass.ui.win.WinApplication._runLoop(Native Method)
	at javafx.graphics/com.sun.glass.ui.win.WinApplication.lambda$runLoop$3(WinApplication.java:184)
	at java.base/java.lang.Thread.run(Thread.java:840)
2024-12-25 13:50:21 INFO  com.qrcode.qr.MainApp - Пользователь выбрал файл для чтения QR-кода: P:\JavaLabs\QR\qrcode.png
2024-12-25 13:50:22 ERROR com.qrcode.qr.MainApp - Ошибка при считывании QR-кода из файла: P:\JavaLabs\QR\qrcode.png
java.io.IOException: Server returned HTTP response code: 400 for URL: https://api.qrserver.com/v1/read-qr-code/
	at java.base/sun.net.www.protocol.http.HttpURLConnection.getInputStream0(HttpURLConnection.java:2037)
	at java.base/sun.net.www.protocol.http.HttpURLConnection.getInputStream(HttpURLConnection.java:1626)
	at java.base/sun.net.www.protocol.https.HttpsURLConnectionImpl.getInputStream(HttpsURLConnectionImpl.java:224)
	at com.qrcode.qr/com.qrcode.qr.MainApp.readQRCodeFromAPI(MainApp.java:122)
	at com.qrcode.qr/com.qrcode.qr.MainApp.lambda$start$1(MainApp.java:70)
	at javafx.base/com.sun.javafx.event.CompositeEventHandler.dispatchBubblingEvent(CompositeEventHandler.java:86)
	at javafx.base/com.sun.javafx.event.EventHandlerManager.dispatchBubblingEvent(EventHandlerManager.java:234)
	at javafx.base/com.sun.javafx.event.EventHandlerManager.dispatchBubblingEvent(EventHandlerManager.java:191)
	at javafx.base/com.sun.javafx.event.CompositeEventDispatcher.dispatchBubblingEvent(CompositeEventDispatcher.java:59)
	at javafx.base/com.sun.javafx.event.BasicEventDispatcher.dispatchEvent(BasicEventDispatcher.java:58)
	at javafx.base/com.sun.javafx.event.EventDispatchChainImpl.dispatchEvent(EventDispatchChainImpl.java:114)
	at javafx.base/com.sun.javafx.event.BasicEventDispatcher.dispatchEvent(BasicEventDispatcher.java:56)
	at javafx.base/com.sun.javafx.event.EventDispatchChainImpl.dispatchEvent(EventDispatchChainImpl.java:114)
	at javafx.base/com.sun.javafx.event.BasicEventDispatcher.dispatchEvent(BasicEventDispatcher.java:56)
	at javafx.base/com.sun.javafx.event.EventDispatchChainImpl.dispatchEvent(EventDispatchChainImpl.java:114)
	at javafx.base/com.sun.javafx.event.EventUtil.fireEventImpl(EventUtil.java:74)
	at javafx.base/com.sun.javafx.event.EventUtil.fireEvent(EventUtil.java:49)
	at javafx.base/javafx.event.Event.fireEvent(Event.java:198)
	at javafx.graphics/javafx.scene.Node.fireEvent(Node.java:8792)
	at javafx.controls/javafx.scene.control.Button.fire(Button.java:203)
	at javafx.controls/com.sun.javafx.scene.control.behavior.ButtonBehavior.mouseReleased(ButtonBehavior.java:208)
	at javafx.controls/com.sun.javafx.scene.control.inputmap.InputMap.handle(InputMap.java:274)
	at javafx.base/com.sun.javafx.event.CompositeEventHandler$NormalEventHandlerRecord.handleBubblingEvent(CompositeEventHandler.java:247)
	at javafx.base/com.sun.javafx.event.CompositeEventHandler.dispatchBubblingEvent(CompositeEventHandler.java:80)
	at javafx.base/com.sun.javafx.event.EventHandlerManager.dispatchBubblingEvent(EventHandlerManager.java:234)
	at javafx.base/com.sun.javafx.event.EventHandlerManager.dispatchBubblingEvent(EventHandlerManager.java:191)
	at javafx.base/com.sun.javafx.event.CompositeEventDispatcher.dispatchBubblingEvent(CompositeEventDispatcher.java:59)
	at javafx.base/com.sun.javafx.event.BasicEventDispatcher.dispatchEvent(BasicEventDispatcher.java:58)
	at javafx.base/com.sun.javafx.event.EventDispatchChainImpl.dispatchEvent(EventDispatchChainImpl.java:114)
	at javafx.base/com.sun.javafx.event.BasicEventDispatcher.dispatchEvent(BasicEventDispatcher.java:56)
	at javafx.base/com.sun.javafx.event.EventDispatchChainImpl.dispatchEvent(EventDispatchChainImpl.java:114)
	at javafx.base/com.sun.javafx.event.BasicEventDispatcher.dispatchEvent(BasicEventDispatcher.java:56)
	at javafx.base/com.sun.javafx.event.EventDispatchChainImpl.dispatchEvent(EventDispatchChainImpl.java:114)
	at javafx.base/com.sun.javafx.event.EventUtil.fireEventImpl(EventUtil.java:74)
	at javafx.base/com.sun.javafx.event.EventUtil.fireEvent(EventUtil.java:54)
	at javafx.base/javafx.event.Event.fireEvent(Event.java:198)
	at javafx.graphics/javafx.scene.Scene$MouseHandler.process(Scene.java:3897)
	at javafx.graphics/javafx.scene.Scene.processMouseEvent(Scene.java:1878)
	at javafx.graphics/javafx.scene.Scene$ScenePeerListener.mouseEvent(Scene.java:2623)
	at javafx.graphics/com.sun.javafx.tk.quantum.GlassViewEventHandler$MouseEventNotification.run(GlassViewEventHandler.java:411)
	at javafx.graphics/com.sun.javafx.tk.quantum.GlassViewEventHandler$MouseEventNotification.run(GlassViewEventHandler.java:301)
	at java.base/java.security.AccessController.doPrivileged(AccessController.java:399)
	at javafx.graphics/com.sun.javafx.tk.quantum.GlassViewEventHandler.lambda$handleMouseEvent$2(GlassViewEventHandler.java:450)
	at javafx.graphics/com.sun.javafx.tk.quantum.QuantumToolkit.runWithoutRenderLock(QuantumToolkit.java:424)
	at javafx.graphics/com.sun.javafx.tk.quantum.GlassViewEventHandler.handleMouseEvent(GlassViewEventHandler.java:449)
	at javafx.graphics/com.sun.glass.ui.View.handleMouseEvent(View.java:557)
	at javafx.graphics/com.sun.glass.ui.View.notifyMouse(View.java:943)
	at javafx.graphics/com.sun.glass.ui.win.WinApplication._runLoop(Native Method)
	at javafx.graphics/com.sun.glass.ui.win.WinApplication.lambda$runLoop$3(WinApplication.java:184)
	at java.base/java.lang.Thread.run(Thread.java:840)
2024-12-25 13:52:38 INFO  com.qrcode.qr.MainApp - Приложение запущено
2024-12-25 13:52:39 INFO  com.qrcode.qr.MainApp - Интерфейс приложения успешно загружен
2024-12-25 13:52:44 INFO  com.qrcode.qr.MainApp - Пользователь выбрал файл для чтения QR-кода: P:\JavaLabs\QR\qrcode.png
2024-12-25 13:52:45 INFO  com.qrcode.qr.MainApp - QR-код успешно считан: https:\/\/google.com
2024-12-25 14:11:26 INFO  com.qrcode.qr.MainApp - Приложение запущено
2024-12-25 14:11:27 INFO  com.qrcode.qr.MainApp - Интерфейс приложения успешно загружен
2024-12-25 14:11:32 WARN  com.qrcode.qr.MainApp - Попытка генерации QR-кода с пустым текстовым полем
2024-12-25 14:11:38 INFO  com.qrcode.qr.MainApp - Пользователь ввёл текст для генерации QR-кода: Gafoit
2024-12-25 14:11:51 INFO  com.qrcode.qr.MainApp - QR-код успешно сохранён в файл: qrcode.png
2024-12-25 14:14:02 INFO  com.qrcode.qr.MainApp - Приложение запущено
2024-12-25 14:14:02 INFO  com.qrcode.qr.MainApp - Интерфейс приложения успешно загружен
2024-12-25 14:14:05 WARN  com.qrcode.qr.MainApp - Попытка генерации QR-кода с пустым текстовым полем
2024-12-25 14:14:09 INFO  com.qrcode.qr.MainApp - Пользователь ввёл текст для генерации QR-кода: Gafoit
2024-12-25 14:14:10 INFO  com.qrcode.qr.MainApp - QR-код успешно отображён в приложении.
2024-12-25 14:14:10 INFO  com.qrcode.qr.MainApp - QR-код успешно сохранён в файл: qrcode.png
2024-12-25 14:15:27 INFO  com.qrcode.qr.MainApp - Приложение запущено
2024-12-25 14:15:28 INFO  com.qrcode.qr.MainApp - Интерфейс приложения успешно загружен
2024-12-25 14:16:38 INFO  com.qrcode.qr.MainApp - Приложение запущено
2024-12-25 14:16:39 INFO  com.qrcode.qr.MainApp - Интерфейс приложения успешно загружен
2024-12-25 14:17:03 INFO  com.qrcode.qr.MainApp - Приложение запущено
2024-12-25 14:17:03 INFO  com.qrcode.qr.MainApp - Интерфейс приложения успешно загружен
2024-12-25 14:17:34 INFO  com.qrcode.qr.MainApp - Пользователь ввёл текст для генерации QR-кода: https://google.com
2024-12-25 14:17:46 INFO  com.qrcode.qr.MainApp - QR-код успешно отображён в приложении.
2024-12-25 14:17:46 INFO  com.qrcode.qr.MainApp - QR-код успешно сохранён в файл: qrcode.png
2024-12-26 15:28:41 INFO  com.qrcode.qr.MainApp - Приложение запущено
2024-12-26 15:28:42 INFO  com.qrcode.qr.MainApp - Интерфейс приложения успешно загружен
2024-12-26 15:29:09 INFO  com.qrcode.qr.MainApp - Пользователь ввёл текст для генерации QR-кода: https://kemsu.ru/
2024-12-26 15:29:10 INFO  com.qrcode.qr.MainApp - QR-код успешно отображён в приложении.
2024-12-26 15:29:10 INFO  com.qrcode.qr.MainApp - QR-код успешно сохранён в файл: qrcode.png
2024-12-26 15:29:39 INFO  com.qrcode.qr.MainApp - Пользователь выбрал файл для чтения QR-кода: C:\Users\Anna\IdeaProjects\QRAPIJAVA\qrcode.png
2024-12-26 15:29:40 INFO  com.qrcode.qr.MainApp - QR-код успешно считан: https:\/\/kemsu.ru\/
2024-12-26 15:31:13 INFO  com.qrcode.qr.MainApp - Приложение запущено
2024-12-26 15:31:13 INFO  com.qrcode.qr.MainApp - Интерфейс приложения успешно загружен
2024-12-26 15:31:34 INFO  com.qrcode.qr.MainApp - Пользователь выбрал файл для чтения QR-кода: C:\Users\Anna\IdeaProjects\QRAPIJAVA\qrcode.png
2024-12-26 15:31:36 INFO  com.qrcode.qr.MainApp - QR-код успешно считан: https:\/\/kemsu.ru\/
2024-12-26 15:32:37 INFO  com.qrcode.qr.MainApp - Пользователь ввёл текст для генерации QR-кода: hi\
2024-12-26 15:32:37 INFO  com.qrcode.qr.MainApp - QR-код успешно отображён в приложении.
2024-12-26 15:32:37 INFO  com.qrcode.qr.MainApp - QR-код успешно сохранён в файл: qrcode.png
2024-12-26 15:33:03 INFO  com.qrcode.qr.MainApp - Пользователь выбрал файл для чтения QR-кода: C:\Users\Anna\IdeaProjects\QRAPIJAVA\qrcode.png
2024-12-26 15:33:04 INFO  com.qrcode.qr.MainApp - QR-код успешно считан: hi\\
2024-12-26 15:36:58 INFO  com.qrcode.qr.MainApp - Приложение запущено
2024-12-26 15:36:58 INFO  com.qrcode.qr.MainApp - Интерфейс приложения успешно загружен
2024-12-26 15:37:11 INFO  com.qrcode.qr.MainApp - Пользователь ввёл текст для генерации QR-кода: kemsu.ru\
2024-12-26 15:37:12 INFO  com.qrcode.qr.MainApp - QR-код успешно отображён в приложении.
2024-12-26 15:37:12 INFO  com.qrcode.qr.MainApp - QR-код успешно сохранён в файл: qrcode.png
2024-12-26 15:37:21 INFO  com.qrcode.qr.MainApp - Пользователь выбрал файл для чтения QR-кода: C:\Users\Anna\IdeaProjects\QRAPIJAVA\qrcode.png
2024-12-26 15:37:21 INFO  com.qrcode.qr.MainApp - QR-код успешно считан: kemsu.ru\\
2024-12-26 15:37:45 INFO  com.qrcode.qr.MainApp - Приложение запущено
2024-12-26 15:37:45 INFO  com.qrcode.qr.MainApp - Интерфейс приложения успешно загружен
2024-12-26 15:38:07 INFO  com.qrcode.qr.MainApp - Пользователь ввёл текст для генерации QR-кода: https://kemsu.ru/
2024-12-26 15:38:08 INFO  com.qrcode.qr.MainApp - QR-код успешно отображён в приложении.
2024-12-26 15:38:08 INFO  com.qrcode.qr.MainApp - QR-код успешно сохранён в файл: qrcode.png
2024-12-26 15:38:22 INFO  com.qrcode.qr.MainApp - Пользователь выбрал файл для чтения QR-кода: C:\Users\Anna\IdeaProjects\QRAPIJAVA\qrcode.png
2024-12-26 15:38:23 INFO  com.qrcode.qr.MainApp - QR-код успешно считан: https://kemsu.ru/
2024-12-26 15:38:41 WARN  com.qrcode.qr.MainApp - Пользователь не выбрал файл для чтения QR-кода
